Added Component: Designator=C1(0805CAP)
Added Component: Designator=C2(0805CAP)
Added Component: Designator=C3(0805CAP)
Added Component: Designator=C4(0805CAP)
Added Component: Designator=C5(0805CAP)
Added Component: Designator=C6(0805CAP)
Added Component: Designator=C7(0805CAP)
Added Component: Designator=C8(0805CAP)
Added Component: Designator=C9(0805CAP)
Added Component: Designator=C10(0805CAP)
Added Component: Designator=C11(0805CAP)
Added Component: Designator=C12(0805CAP)
Added Component: Designator=D1(DO41)
Added Component: Designator=D2(DO41)
Added Component: Designator=D3(DO41)
Added Component: Designator=J1(BORNERA2)
Added Component: Designator=J2(BORNERA2)
Added Component: Designator=J3(BORNERA2)
Added Component: Designator=J4(BORNERA2)
Added Component: Designator=Q1(TO-18)
Added Component: Designator=Q2(TO-18)
Added Component: Designator=Q3(TO-18)
Add component (AddParameter): Name = "Manufacturer"; Value = "JSMSEMI"; VariantName = "[No Variations]"
Add component (AddParameter): Name = "Supplier"; Value = "JLCPCB"; VariantName = "[No Variations]"
Add component (AddParameter): Name = "Supplier Part Number"; Value = "C916390"; VariantName = "[No Variations]"
Added Component: Designator=Q4(TO-18)
Add component (AddParameter): Name = "Manufacturer"; Value = "JSMSEMI"; VariantName = "[No Variations]"
Add component (AddParameter): Name = "Supplier"; Value = "JLCPCB"; VariantName = "[No Variations]"
Add component (AddParameter): Name = "Supplier Part Number"; Value = "C916390"; VariantName = "[No Variations]"
Added Component: Designator=Q5(TO-18)
Add component (AddParameter): Name = "Manufacturer"; Value = "JSMSEMI"; VariantName = "[No Variations]"
Add component (AddParameter): Name = "Supplier"; Value = "JLCPCB"; VariantName = "[No Variations]"
Add component (AddParameter): Name = "Supplier Part Number"; Value = "C916390"; VariantName = "[No Variations]"
Added Component: Designator=Q6(TO-18)
Add component (AddParameter): Name = "Manufacturer"; Value = "JSMSEMI"; VariantName = "[No Variations]"
Add component (AddParameter): Name = "Supplier"; Value = "JLCPCB"; VariantName = "[No Variations]"
Add component (AddParameter): Name = "Supplier Part Number"; Value = "C916390"; VariantName = "[No Variations]"
Added Component: Designator=Q7(TO-18)
Add component (AddParameter): Name = "Manufacturer"; Value = "JSMSEMI"; VariantName = "[No Variations]"
Add component (AddParameter): Name = "Supplier"; Value = "JLCPCB"; VariantName = "[No Variations]"
Add component (AddParameter): Name = "Supplier Part Number"; Value = "C916390"; VariantName = "[No Variations]"
Added Component: Designator=Q8(TO-18)
Added Component: Designator=Q9(TO-18)
Added Component: Designator=Q10(TO-18)
Added Component: Designator=Q11(TO-18)
Add component (AddParameter): Name = "Manufacturer"; Value = "JSMSEMI"; VariantName = "[No Variations]"
Add component (AddParameter): Name = "Supplier"; Value = "JLCPCB"; VariantName = "[No Variations]"
Add component (AddParameter): Name = "Supplier Part Number"; Value = "C916390"; VariantName = "[No Variations]"
Added Component: Designator=Q12(TO-18)
Add component (AddParameter): Name = "Manufacturer"; Value = "JSMSEMI"; VariantName = "[No Variations]"
Add component (AddParameter): Name = "Supplier"; Value = "JLCPCB"; VariantName = "[No Variations]"
Add component (AddParameter): Name = "Supplier Part Number"; Value = "C916390"; VariantName = "[No Variations]"
Added Component: Designator=Q13(TO-220)
Add component (AddParameter): Name = "Manufacturer"; Value = "JSMSEMI"; VariantName = "[No Variations]"
Add component (AddParameter): Name = "Supplier"; Value = "JLCPCB"; VariantName = "[No Variations]"
Add component (AddParameter): Name = "Supplier Part Number"; Value = "C916390"; VariantName = "[No Variations]"
Added Component: Designator=Q14(TO-18)
Added Component: Designator=Q15(TO-220)
Add component (AddParameter): Name = "Manufacturer"; Value = "JSMSEMI"; VariantName = "[No Variations]"
Add component (AddParameter): Name = "Supplier"; Value = "JLCPCB"; VariantName = "[No Variations]"
Add component (AddParameter): Name = "Supplier Part Number"; Value = "C916390"; VariantName = "[No Variations]"
Added Component: Designator=Q16(TO-18)
Added Component: Designator=Q17(TO-18)
Added Component: Designator=Q18(TO-18)
Add component (AddParameter): Name = "Manufacturer"; Value = "JSMSEMI"; VariantName = "[No Variations]"
Add component (AddParameter): Name = "Supplier"; Value = "JLCPCB"; VariantName = "[No Variations]"
Add component (AddParameter): Name = "Supplier Part Number"; Value = "C916390"; VariantName = "[No Variations]"
Added Component: Designator=Q19(TO-220)
Add component (AddParameter): Name = "Manufacturer"; Value = "JSMSEMI"; VariantName = "[No Variations]"
Add component (AddParameter): Name = "Supplier"; Value = "JLCPCB"; VariantName = "[No Variations]"
Add component (AddParameter): Name = "Supplier Part Number"; Value = "C916390"; VariantName = "[No Variations]"
Added Component: Designator=Q20(TO-18)
Added Component: Designator=R1(0805)
Added Component: Designator=R2(0805)
Added Component: Designator=R3(0805)
Added Component: Designator=R4(0805)
Added Component: Designator=R5(0805)
Added Component: Designator=R6(0805)
Added Component: Designator=R7(0805)
Added Component: Designator=R8(POTENCIOMETRO)
Added Component: Designator=R9(0805)
Added Component: Designator=R10(0805)
Added Component: Designator=R11(0805)
Added Component: Designator=R12(0805)
Added Component: Designator=R13(0805)
Added Component: Designator=R14(0805)
Added Component: Designator=R15(0805)
Added Component: Designator=R16(0805)
Added Component: Designator=R17(0805)
Added Component: Designator=R18(0805)
Added Component: Designator=R19(0805)
Added Component: Designator=R20(0805)
Added Component: Designator=R21(0805)
Added Component: Designator=R22(PRESET V)
Added Component: Designator=R23(0805)
Added Component: Designator=R24(0805)
Added Component: Designator=R25(0805)
Added Component: Designator=R26(0805)
Added Component: Designator=R27(0805)
Added Component: Designator=R28(0805)
Added Component: Designator=R29(0805)
Added Component: Designator=R30(0805)
Added Component: Designator=R31(0805)
Added Component: Designator=R32(0805)
Added Component: Designator=R33(0805)
Added Component: Designator=R34(0805)
Added Component: Designator=R35(0805)
Added Component: Designator=R36(0805)
Added Component: Designator=R37(0805)
Added Component: Designator=R38(0805)
Added Component: Designator=R39(0805)
Added Component: Designator=R40(0805)
Added Pin To Net: NetName=-VCC Pin=C11-1
Added Pin To Net: NetName=-VCC Pin=C12-1
Added Pin To Net: NetName=-VCC Pin=J2-2
Added Pin To Net: NetName=-VCC Pin=Q5-1
Added Pin To Net: NetName=-VCC Pin=Q15-3
Added Pin To Net: NetName=-VCC Pin=R4-1
Added Pin To Net: NetName=-VCC Pin=R5-1
Added Pin To Net: NetName=-VCC Pin=R10-1
Added Pin To Net: NetName=-VCC Pin=R11-1
Added Pin To Net: NetName=-VCC Pin=R28-2
Added Pin To Net: NetName=-VCC Pin=R33-1
Added Pin To Net: NetName=-VCC Pin=R34-1
Added Pin To Net: NetName=-VCC Pin=R35-1
Added Net: Name=-VCC
Added Pin To Net: NetName=GND Pin=C2-1
Added Pin To Net: NetName=GND Pin=C8-1
Added Pin To Net: NetName=GND Pin=C9-2
Added Pin To Net: NetName=GND Pin=C10-2
Added Pin To Net: NetName=GND Pin=C11-2
Added Pin To Net: NetName=GND Pin=C12-2
Added Pin To Net: NetName=GND Pin=D1-1
Added Pin To Net: NetName=GND Pin=J1-2
Added Pin To Net: NetName=GND Pin=J2-1
Added Pin To Net: NetName=GND Pin=J3-2
Added Pin To Net: NetName=GND Pin=J4-2
Added Pin To Net: NetName=GND Pin=Q6-3
Added Pin To Net: NetName=GND Pin=Q17-2
Added Pin To Net: NetName=GND Pin=R1-1
Added Pin To Net: NetName=GND Pin=R18-2
Added Pin To Net: NetName=GND Pin=R30-1
Added Pin To Net: NetName=GND Pin=R37-1
Added Net: Name=GND
Added Pin To Net: NetName=IoRefDP Pin=Q8-3
Added Pin To Net: NetName=IoRefDP Pin=R2-2
Added Pin To Net: NetName=IoRefDP Pin=R3-2
Added Net: Name=IoRefDP
Added Pin To Net: NetName=IoRefVbb Pin=C6-1
Added Pin To Net: NetName=IoRefVbb Pin=Q10-3
Added Pin To Net: NetName=IoRefVbb Pin=R19-1
Added Pin To Net: NetName=IoRefVbb Pin=R20-1
Added Net: Name=IoRefVbb
Added Pin To Net: NetName=NetC1_2 Pin=C1-2
Added Pin To Net: NetName=NetC1_2 Pin=Q1-2
Added Pin To Net: NetName=NetC1_2 Pin=R1-2
Added Net: Name=NetC1_2
Added Pin To Net: NetName=NetC2_2 Pin=C2-2
Added Pin To Net: NetName=NetC2_2 Pin=D1-2
Added Pin To Net: NetName=NetC2_2 Pin=R8-2
Added Pin To Net: NetName=NetC2_2 Pin=R8-3
Added Net: Name=NetC2_2
Added Pin To Net: NetName=NetC4_2 Pin=C4-2
Added Pin To Net: NetName=NetC4_2 Pin=Q8-2
Added Pin To Net: NetName=NetC4_2 Pin=R13-2
Added Net: Name=NetC4_2
Added Pin To Net: NetName=NetC5_1 Pin=C5-1
Added Pin To Net: NetName=NetC5_1 Pin=R17-2
Added Pin To Net: NetName=NetC5_1 Pin=R18-1
Added Net: Name=NetC5_1
Added Pin To Net: NetName=NetC7_1 Pin=C7-1
Added Pin To Net: NetName=NetC7_1 Pin=Q16-3
Added Pin To Net: NetName=NetC7_1 Pin=Q18-2
Added Pin To Net: NetName=NetC7_1 Pin=R33-2
Added Net: Name=NetC7_1
Added Pin To Net: NetName=NetC7_2 Pin=C7-2
Added Pin To Net: NetName=NetC7_2 Pin=Q18-3
Added Pin To Net: NetName=NetC7_2 Pin=Q19-1
Added Pin To Net: NetName=NetC7_2 Pin=R36-1
Added Net: Name=NetC7_2
Added Pin To Net: NetName=NetC8_2 Pin=C8-2
Added Pin To Net: NetName=NetC8_2 Pin=R39-2
Added Net: Name=NetC8_2
Added Pin To Net: NetName=NetD2_1 Pin=D2-1
Added Pin To Net: NetName=NetD2_1 Pin=D3-2
Added Net: Name=NetD2_1
Added Pin To Net: NetName=NetD2_2 Pin=D2-2
Added Pin To Net: NetName=NetD2_2 Pin=Q20-2
Added Pin To Net: NetName=NetD2_2 Pin=R37-2
Added Net: Name=NetD2_2
Added Pin To Net: NetName=NetQ1_1 Pin=Q1-1
Added Pin To Net: NetName=NetQ1_1 Pin=R2-1
Added Net: Name=NetQ1_1
Added Pin To Net: NetName=NetQ2_1 Pin=Q2-1
Added Pin To Net: NetName=NetQ2_1 Pin=R3-1
Added Net: Name=NetQ2_1
Added Pin To Net: NetName=NetQ2_2 Pin=Q2-2
Added Pin To Net: NetName=NetQ2_2 Pin=R6-2
Added Pin To Net: NetName=NetQ2_2 Pin=R7-1
Added Net: Name=NetQ2_2
Added Pin To Net: NetName=NetQ2_3 Pin=Q2-3
Added Pin To Net: NetName=NetQ2_3 Pin=Q3-2
Added Pin To Net: NetName=NetQ2_3 Pin=Q4-2
Added Pin To Net: NetName=NetQ2_3 Pin=Q4-3
Added Net: Name=NetQ2_3
Added Pin To Net: NetName=NetQ3_1 Pin=Q3-1
Added Pin To Net: NetName=NetQ3_1 Pin=R4-2
Added Net: Name=NetQ3_1
Added Pin To Net: NetName=NetQ4_1 Pin=Q4-1
Added Pin To Net: NetName=NetQ4_1 Pin=R5-2
Added Net: Name=NetQ4_1
Added Pin To Net: NetName=NetQ5_2 Pin=Q5-2
Added Pin To Net: NetName=NetQ5_2 Pin=R9-2
Added Net: Name=NetQ5_2
Added Pin To Net: NetName=NetQ6_1 Pin=Q6-1
Added Pin To Net: NetName=NetQ6_1 Pin=Q7-2
Added Pin To Net: NetName=NetQ6_1 Pin=R10-2
Added Net: Name=NetQ6_1
Added Pin To Net: NetName=NetQ7_1 Pin=Q7-1
Added Pin To Net: NetName=NetQ7_1 Pin=R9-1
Added Pin To Net: NetName=NetQ7_1 Pin=R11-2
Added Net: Name=NetQ7_1
Added Pin To Net: NetName=NetQ8_1 Pin=Q8-1
Added Pin To Net: NetName=NetQ8_1 Pin=R12-1
Added Net: Name=NetQ8_1
Added Pin To Net: NetName=NetQ9_2 Pin=Q9-2
Added Pin To Net: NetName=NetQ9_2 Pin=R14-2
Added Net: Name=NetQ9_2
Added Pin To Net: NetName=NetQ9_3 Pin=Q9-3
Added Pin To Net: NetName=NetQ9_3 Pin=R13-1
Added Pin To Net: NetName=NetQ9_3 Pin=R16-2
Added Pin To Net: NetName=NetQ9_3 Pin=R17-1
Added Net: Name=NetQ9_3
Added Pin To Net: NetName=NetQ10_1 Pin=Q10-1
Added Pin To Net: NetName=NetQ10_1 Pin=R14-1
Added Pin To Net: NetName=NetQ10_1 Pin=R15-2
Added Net: Name=NetQ10_1
Added Pin To Net: NetName=NetQ10_2 Pin=Q10-2
Added Pin To Net: NetName=NetQ10_2 Pin=R16-1
Added Net: Name=NetQ10_2
Added Pin To Net: NetName=NetQ11_2 Pin=Q11-2
Added Pin To Net: NetName=NetQ11_2 Pin=R19-2
Added Pin To Net: NetName=NetQ11_2 Pin=R21-1
Added Net: Name=NetQ11_2
Added Pin To Net: NetName=NetQ12_1 Pin=Q12-1
Added Pin To Net: NetName=NetQ12_1 Pin=R24-1
Added Net: Name=NetQ12_1
Added Pin To Net: NetName=NetQ12_3 Pin=Q12-3
Added Pin To Net: NetName=NetQ12_3 Pin=Q13-1
Added Pin To Net: NetName=NetQ12_3 Pin=R23-2
Added Net: Name=NetQ12_3
Added Pin To Net: NetName=NetQ13_2 Pin=Q13-2
Added Pin To Net: NetName=NetQ13_2 Pin=R24-2
Added Pin To Net: NetName=NetQ13_2 Pin=R25-2
Added Net: Name=NetQ13_2
Added Pin To Net: NetName=NetQ14_1 Pin=Q14-1
Added Pin To Net: NetName=NetQ14_1 Pin=R27-1
Added Net: Name=NetQ14_1
Added Pin To Net: NetName=NetQ14_3 Pin=Q14-3
Added Pin To Net: NetName=NetQ14_3 Pin=Q15-1
Added Pin To Net: NetName=NetQ14_3 Pin=R28-1
Added Net: Name=NetQ14_3
Added Pin To Net: NetName=NetQ15_2 Pin=Q15-2
Added Pin To Net: NetName=NetQ15_2 Pin=R26-1
Added Pin To Net: NetName=NetQ15_2 Pin=R27-2
Added Net: Name=NetQ15_2
Added Pin To Net: NetName=NetQ16_1 Pin=Q16-1
Added Pin To Net: NetName=NetQ16_1 Pin=R31-1
Added Net: Name=NetQ16_1
Added Pin To Net: NetName=NetQ16_2 Pin=Q16-2
Added Pin To Net: NetName=NetQ16_2 Pin=R29-1
Added Pin To Net: NetName=NetQ16_2 Pin=R30-2
Added Net: Name=NetQ16_2
Added Pin To Net: NetName=NetQ17_1 Pin=Q17-1
Added Pin To Net: NetName=NetQ17_1 Pin=R32-1
Added Net: Name=NetQ17_1
Added Pin To Net: NetName=NetQ17_3 Pin=Q17-3
Added Pin To Net: NetName=NetQ17_3 Pin=R34-2
Added Net: Name=NetQ17_3
Added Pin To Net: NetName=NetQ18_1 Pin=Q18-1
Added Pin To Net: NetName=NetQ18_1 Pin=Q19-2
Added Pin To Net: NetName=NetQ18_1 Pin=R35-2
Added Net: Name=NetQ18_1
Added Pin To Net: NetName=NetQ20_1 Pin=Q20-1
Added Pin To Net: NetName=NetQ20_1 Pin=R38-1
Added Net: Name=NetQ20_1
Added Pin To Net: NetName=NetQ20_3 Pin=Q20-3
Added Pin To Net: NetName=NetQ20_3 Pin=R31-2
Added Pin To Net: NetName=NetQ20_3 Pin=R32-2
Added Net: Name=NetQ20_3
Added Pin To Net: NetName=NetR7_2 Pin=R7-2
Added Pin To Net: NetName=NetR7_2 Pin=R8-1
Added Net: Name=NetR7_2
Added Pin To Net: NetName=NetR21_2 Pin=R21-2
Added Pin To Net: NetName=NetR21_2 Pin=R22-1
Added Net: Name=NetR21_2
Added Pin To Net: NetName=VCC Pin=C4-1
Added Pin To Net: NetName=VCC Pin=C5-2
Added Pin To Net: NetName=VCC Pin=C9-1
Added Pin To Net: NetName=VCC Pin=C10-1
Added Pin To Net: NetName=VCC Pin=D3-1
Added Pin To Net: NetName=VCC Pin=J1-1
Added Pin To Net: NetName=VCC Pin=Q9-1
Added Pin To Net: NetName=VCC Pin=Q13-3
Added Pin To Net: NetName=VCC Pin=R12-2
Added Pin To Net: NetName=VCC Pin=R15-1
Added Pin To Net: NetName=VCC Pin=R23-1
Added Pin To Net: NetName=VCC Pin=R38-2
Added Net: Name=VCC
Added Pin To Net: NetName=Vin Pin=C1-1
Added Pin To Net: NetName=Vin Pin=J4-1
Added Net: Name=Vin
Added Pin To Net: NetName=VoDP Pin=C3-2
Added Pin To Net: NetName=VoDP Pin=Q1-3
Added Pin To Net: NetName=VoDP Pin=Q3-3
Added Pin To Net: NetName=VoDP Pin=Q5-3
Added Pin To Net: NetName=VoDP Pin=Q6-2
Added Net: Name=VoDP
Added Pin To Net: NetName=VoFeed Pin=Q19-3
Added Pin To Net: NetName=VoFeed Pin=R6-1
Added Pin To Net: NetName=VoFeed Pin=R25-1
Added Pin To Net: NetName=VoFeed Pin=R26-2
Added Pin To Net: NetName=VoFeed Pin=R29-2
Added Pin To Net: NetName=VoFeed Pin=R36-2
Added Pin To Net: NetName=VoFeed Pin=R39-1
Added Pin To Net: NetName=VoFeed Pin=R40-2
Added Net: Name=VoFeed
Added Pin To Net: NetName=Vo Pin=J3-1
Added Pin To Net: NetName=Vo Pin=R40-1
Added Net: Name=Vo
Added Pin To Net: NetName=VoVAS Pin=C3-1
Added Pin To Net: NetName=VoVAS Pin=C6-2
Added Pin To Net: NetName=VoVAS Pin=Q7-3
Added Pin To Net: NetName=VoVAS Pin=Q11-1
Added Pin To Net: NetName=VoVAS Pin=Q14-2
Added Pin To Net: NetName=VoVAS Pin=R22-2
Added Pin To Net: NetName=VoVAS Pin=R22-3
Added Net: Name=VoVAS
Added Pin To Net: NetName=VoVbb Pin=Q11-3
Added Pin To Net: NetName=VoVbb Pin=Q12-2
Added Pin To Net: NetName=VoVbb Pin=R20-2
Added Net: Name=VoVbb
Added Class: Name=XDAmp
Added Room: Name=XDAmp
