Replace Part C1 CAP in C:\Bruno\ITBA\6to cuatri\Electrónica II\TPS\TP2\Repo\E2-TPs\TP2\PCB\TP2_PCB\XDAmp.SchDoc with CAP from XDAmpLib.SchLib
Replace Part C2 CAPPOL in C:\Bruno\ITBA\6to cuatri\Electrónica II\TPS\TP2\Repo\E2-TPs\TP2\PCB\TP2_PCB\XDAmp.SchDoc with CAPPOL from XDAmpLib.SchLib
Replace Part C3 CAP in C:\Bruno\ITBA\6to cuatri\Electrónica II\TPS\TP2\Repo\E2-TPs\TP2\PCB\TP2_PCB\XDAmp.SchDoc with CAP from XDAmpLib.SchLib
Replace Part C4 CAPPOL in C:\Bruno\ITBA\6to cuatri\Electrónica II\TPS\TP2\Repo\E2-TPs\TP2\PCB\TP2_PCB\XDAmp.SchDoc with CAPPOL from XDAmpLib.SchLib
Replace Part C5 CAPPOL in C:\Bruno\ITBA\6to cuatri\Electrónica II\TPS\TP2\Repo\E2-TPs\TP2\PCB\TP2_PCB\XDAmp.SchDoc with CAPPOL from XDAmpLib.SchLib
Replace Part C6 CAP in C:\Bruno\ITBA\6to cuatri\Electrónica II\TPS\TP2\Repo\E2-TPs\TP2\PCB\TP2_PCB\XDAmp.SchDoc with CAP from XDAmpLib.SchLib
Replace Part C7 CAP in C:\Bruno\ITBA\6to cuatri\Electrónica II\TPS\TP2\Repo\E2-TPs\TP2\PCB\TP2_PCB\XDAmp.SchDoc with CAP from XDAmpLib.SchLib
Replace Part C8 CAP in C:\Bruno\ITBA\6to cuatri\Electrónica II\TPS\TP2\Repo\E2-TPs\TP2\PCB\TP2_PCB\XDAmp.SchDoc with CAP from XDAmpLib.SchLib
Replace Part C9 CAP in C:\Bruno\ITBA\6to cuatri\Electrónica II\TPS\TP2\Repo\E2-TPs\TP2\PCB\TP2_PCB\XDAmp.SchDoc with CAP from XDAmpLib.SchLib
Replace Part C10 CAP in C:\Bruno\ITBA\6to cuatri\Electrónica II\TPS\TP2\Repo\E2-TPs\TP2\PCB\TP2_PCB\XDAmp.SchDoc with CAP from XDAmpLib.SchLib
Replace Part C11 CAP in C:\Bruno\ITBA\6to cuatri\Electrónica II\TPS\TP2\Repo\E2-TPs\TP2\PCB\TP2_PCB\XDAmp.SchDoc with CAP from XDAmpLib.SchLib
Replace Part C12 CAP in C:\Bruno\ITBA\6to cuatri\Electrónica II\TPS\TP2\Repo\E2-TPs\TP2\PCB\TP2_PCB\XDAmp.SchDoc with CAP from XDAmpLib.SchLib
Replace Part L1 INDUCTOR_1 in C:\Bruno\ITBA\6to cuatri\Electrónica II\TPS\TP2\Repo\E2-TPs\TP2\PCB\TP2_PCB\XDAmp.SchDoc with INDUCTOR_1 from XDAmpLib.SchLib
Replace Part Q3 2N2222A in C:\Bruno\ITBA\6to cuatri\Electrónica II\TPS\TP2\Repo\E2-TPs\TP2\PCB\TP2_PCB\XDAmp.SchDoc with 2N2222A from XDAmpLib.SchLib
Replace Part Q4 2N2222A in C:\Bruno\ITBA\6to cuatri\Electrónica II\TPS\TP2\Repo\E2-TPs\TP2\PCB\TP2_PCB\XDAmp.SchDoc with 2N2222A from XDAmpLib.SchLib
Replace Part Q5 2N2222A in C:\Bruno\ITBA\6to cuatri\Electrónica II\TPS\TP2\Repo\E2-TPs\TP2\PCB\TP2_PCB\XDAmp.SchDoc with 2N2222A from XDAmpLib.SchLib
Replace Part Q6 2N2222A in C:\Bruno\ITBA\6to cuatri\Electrónica II\TPS\TP2\Repo\E2-TPs\TP2\PCB\TP2_PCB\XDAmp.SchDoc with 2N2222A from XDAmpLib.SchLib
Replace Part Q7 2N2222A in C:\Bruno\ITBA\6to cuatri\Electrónica II\TPS\TP2\Repo\E2-TPs\TP2\PCB\TP2_PCB\XDAmp.SchDoc with 2N2222A from XDAmpLib.SchLib
Replace Part Q11 2N2222A in C:\Bruno\ITBA\6to cuatri\Electrónica II\TPS\TP2\Repo\E2-TPs\TP2\PCB\TP2_PCB\XDAmp.SchDoc with 2N2222A from XDAmpLib.SchLib
Replace Part Q12 2N2222A in C:\Bruno\ITBA\6to cuatri\Electrónica II\TPS\TP2\Repo\E2-TPs\TP2\PCB\TP2_PCB\XDAmp.SchDoc with 2N2222A from XDAmpLib.SchLib
Replace Part Q13 TIP115 in C:\Bruno\ITBA\6to cuatri\Electrónica II\TPS\TP2\Repo\E2-TPs\TP2\PCB\TP2_PCB\XDAmp.SchDoc with TIP115 from XDAmpLib.SchLib
Replace Part Q15 TIP110 in C:\Bruno\ITBA\6to cuatri\Electrónica II\TPS\TP2\Repo\E2-TPs\TP2\PCB\TP2_PCB\XDAmp.SchDoc with TIP110 from XDAmpLib.SchLib
Replace Part Q18 2N2222A in C:\Bruno\ITBA\6to cuatri\Electrónica II\TPS\TP2\Repo\E2-TPs\TP2\PCB\TP2_PCB\XDAmp.SchDoc with 2N2222A from XDAmpLib.SchLib
Replace Part Q19 TIP115 in C:\Bruno\ITBA\6to cuatri\Electrónica II\TPS\TP2\Repo\E2-TPs\TP2\PCB\TP2_PCB\XDAmp.SchDoc with TIP115 from XDAmpLib.SchLib
Replace Part R22 PRESET in C:\Bruno\ITBA\6to cuatri\Electrónica II\TPS\TP2\Repo\E2-TPs\TP2\PCB\TP2_PCB\XDAmp.SchDoc with PRESET from XDAmpLib.SchLib
